<?xml version="1.0" encoding="UTF-8"?>
<testng-results skipped="0" failed="0" ignored="0" total="1" passed="1">
  <reporter-output>
  </reporter-output>
  <suite name="Command line suite" duration-ms="15259" started-at="2020-05-10T17:41:16 UTC" finished-at="2020-05-10T17:41:31 UTC">
    <groups>
    </groups>
    <test name="Command line test" duration-ms="15259" started-at="2020-05-10T17:41:16 UTC" finished-at="2020-05-10T17:41:31 UTC">
      <class name="test.project">
        <test-method status="PASS" signature="hello()[pri:0, instance:test.project@2eda0940]" name="hello" duration-ms="6" started-at="2020-05-10T17:41:16 UTC" finished-at="2020-05-10T17:41:16 UTC">
          <reporter-output>
          </reporter-output>
        </test-method> <!-- hello -->
        <test-method status="PASS" signature="afterTest()[pri:0, instance:test.project@2eda0940]" name="afterTest" is-config="true" duration-ms="15194" started-at="2020-05-10T17:41:16 UTC" finished-at="2020-05-10T17:41:31 UTC">
          <reporter-output>
          </reporter-output>
        </test-method> <!-- afterTest -->
      </class> <!-- test.project -->
    </test> <!-- Command line test -->
  </suite> <!-- Command line suite -->
</testng-results>
